2024-05-29 12:54:32,831 DEBUG Horse: Создание Horse, имя [Bucephalus], скорость [5.0]
2024-05-29 12:54:32,837 DEBUG Horse: Создание Horse, имя [Ace of Spades], скорость [2.5]
2024-05-29 12:54:32,837 DEBUG Horse: Создание Horse, имя [Zephyr], скорость [2.6]
2024-05-29 12:54:32,838 DEBUG Horse: Создание Horse, имя [Blaze], скорость [2.7]
2024-05-29 12:54:32,838 DEBUG Horse: Создание Horse, имя [Lobster], скорость [2.8]
2024-05-29 12:54:32,838 DEBUG Horse: Создание Horse, имя [Pegasus], скорость [2.9]
2024-05-29 12:54:32,839 DEBUG Horse: Создание Horse, имя [Cherry], скорость [3.0]
2024-05-29 12:54:32,844 DEBUG Main: Создание Hippodrome, лошадей [7]
2024-05-29 12:54:32,844 INFO  Main: Начало скачек. Количество участников: 7
2024-05-29 12:54:34,946 INFO  Main: Окончание скачек. Победитель: Bucephalus
2024-05-29 12:54:50,936 DEBUG Horse: Создание Horse, имя [Bucephalus], скорость [5.0]
2024-05-29 12:54:50,941 DEBUG Horse: Создание Horse, имя [Ace of Spades], скорость [2.5]
2024-05-29 12:54:50,942 DEBUG Horse: Создание Horse, имя [Zephyr], скорость [2.6]
2024-05-29 12:54:50,942 DEBUG Horse: Создание Horse, имя [Blaze], скорость [2.7]
2024-05-29 12:54:50,942 DEBUG Horse: Создание Horse, имя [Lobster], скорость [2.8]
2024-05-29 12:54:50,943 DEBUG Horse: Создание Horse, имя [Pegasus], скорость [2.9]
2024-05-29 12:54:50,943 DEBUG Horse: Создание Horse, имя [Cherry], скорость [3.0]
2024-05-29 12:54:50,945 DEBUG Main: Создание Hippodrome, лошадей [7]
2024-05-29 12:54:50,945 INFO  Main: Начало скачек. Количество участников: 7
2024-05-29 12:54:53,046 INFO  Main: Окончание скачек. Победитель: Bucephalus
